app/build/intermediates/manifest_merge_blame_file/debug/manifest-merger-blame-debug-report.txt
1<?xml version="1.0" encoding="utf-8"?>
2<manifest xmlns:android="http://schemas.android.com/apk/res/android"
3    xmlns:dist="http://schemas.android.com/apk/distribution"
4    package="org.tensorflow.lite.examples.objectdetection"
5    android:versionCode="1"
6    android:versionName="1.0.0" >
7
8    <uses-sdk
9        android:minSdkVersion="21"
9-->src\main\AndroidManifest.xml
10        android:targetSdkVersion="32" />
10-->src\main\AndroidManifest.xml
11    <!-- Enable instant app support -->
12    <dist:module dist:instant="true" /> <!-- Declare features -->
12-->src\main\AndroidManifest.xml:7:5-40
12-->src\main\AndroidManifest.xml:7:18-37
13    <uses-feature android:name="android.hardware.camera.any" />
13-->src\main\AndroidManifest.xml:8:5-64
13-->src\main\AndroidManifest.xml:8:19-61
14
15    <uses-permission android:name="android.permission.CAMERA" />
15-->src\main\AndroidManifest.xml:10:5-65
15-->src\main\AndroidManifest.xml:10:22-62
16    <uses-permission android:name="android.permission.RECORD_AUDIO" />
16-->src\main\AndroidManifest.xml:11:5-71
16-->src\main\AndroidManifest.xml:11:22-68
17    <uses-permission
17-->src\main\AndroidManifest.xml:12:5-14:38
18        android:name="android.permission.WRITE_EXTERNAL_STORAGE"
18-->src\main\AndroidManifest.xml:13:9-65
19        android:maxSdkVersion="28" />
19-->src\main\AndroidManifest.xml:14:9-35
20    <uses-permission android:name="android.permission.READ_PHONE_STATE" />
21    <uses-permission android:name="android.permission.READ_EXTERNAL_STORAGE" />
22
23    <application
23-->src\main\AndroidManifest.xml:16:5-86:19
24        android:allowBackup="true"
24-->src\main\AndroidManifest.xml:17:9-35
25        android:appComponentFactory="androidx.core.app.CoreComponentFactory"
25-->[androidx.core:core:1.8.0] AndroidManifest.xml:24:18-86
26        android:debuggable="true"
27        android:icon="@drawable/logo_2"
27-->src\main\AndroidManifest.xml:18:9-40
28        android:label="@string/app_name"
28-->src\main\AndroidManifest.xml:19:9-41
29        android:roundIcon="@drawable/logo_2"
29-->src\main\AndroidManifest.xml:20:9-45
30        android:taskAffinity=""
30-->src\main\AndroidManifest.xml:21:9-32
31        android:testOnly="true" >
32        <activity
32-->src\main\AndroidManifest.xml:23:9-30:20
33            android:name="org.tensorflow.lite.examples.objectdetection.EditarDatos"
33-->src\main\AndroidManifest.xml:24:13-40
34            android:exported="false"
34-->src\main\AndroidManifest.xml:26:13-37
35            android:theme="@style/AppTheme" >
35-->src\main\AndroidManifest.xml:25:13-44
36            <meta-data
36-->src\main\AndroidManifest.xml:27:13-29:36
37                android:name="android.app.lib_name"
37-->src\main\AndroidManifest.xml:28:17-52
38                android:value="" />
38-->src\main\AndroidManifest.xml:29:17-33
39        </activity>
40        <activity
40-->src\main\AndroidManifest.xml:31:9-38:20
41            android:name="org.tensorflow.lite.examples.objectdetection.Camara"
41-->src\main\AndroidManifest.xml:32:13-35
42            android:exported="false"
42-->src\main\AndroidManifest.xml:33:13-37
43            android:theme="@style/AppTheme" >
43-->src\main\AndroidManifest.xml:34:13-44
44            <meta-data
44-->src\main\AndroidManifest.xml:27:13-29:36
45                android:name="android.app.lib_name"
45-->src\main\AndroidManifest.xml:28:17-52
46                android:value="" />
46-->src\main\AndroidManifest.xml:29:17-33
47        </activity>
48        <activity
48-->src\main\AndroidManifest.xml:39:9-61:20
49            android:name="org.tensorflow.lite.examples.objectdetection.MainActivity"
49-->src\main\AndroidManifest.xml:40:13-41
50            android:clearTaskOnLaunch="true"
50-->src\main\AndroidManifest.xml:41:13-45
51            android:configChanges="orientation|screenLayout|screenSize|smallestScreenSize"
51-->src\main\AndroidManifest.xml:42:13-91
52            android:exported="true"
52-->src\main\AndroidManifest.xml:43:13-36
53            android:icon="@drawable/logo_2"
53-->src\main\AndroidManifest.xml:44:13-44
54            android:resizeableActivity="true"
54-->src\main\AndroidManifest.xml:45:13-46
55            android:rotationAnimation="seamless"
55-->src\main\AndroidManifest.xml:46:13-49
56            android:theme="@style/AppTheme" >
56-->src\main\AndroidManifest.xml:47:13-44
57
58            <!-- Main app intent filter -->
59            <intent-filter>
59-->src\main\AndroidManifest.xml:51:13-55:29
60                <action android:name="android.intent.action.MAIN" />
60-->src\main\AndroidManifest.xml:52:17-69
60-->src\main\AndroidManifest.xml:52:25-66
61
62                <category android:name="android.intent.category.LAUNCHER" />
62-->src\main\AndroidManifest.xml:54:17-77
62-->src\main\AndroidManifest.xml:54:27-74
63            </intent-filter>
64
65            <!-- Declare notch support -->
66            <meta-data
66-->src\main\AndroidManifest.xml:58:13-60:40
67                android:name="android.notch_support"
67-->src\main\AndroidManifest.xml:59:17-53
68                android:value="true" />
68-->src\main\AndroidManifest.xml:60:17-37
69        </activity>
70        <activity
70-->src\main\AndroidManifest.xml:62:9-69:20
71            android:name="org.tensorflow.lite.examples.objectdetection.CrearCuenta"
71-->src\main\AndroidManifest.xml:63:13-40
72            android:exported="false"
72-->src\main\AndroidManifest.xml:64:13-37
73            android:theme="@style/AppTheme" >
73-->src\main\AndroidManifest.xml:65:13-44
74            <meta-data
74-->src\main\AndroidManifest.xml:27:13-29:36
75                android:name="android.app.lib_name"
75-->src\main\AndroidManifest.xml:28:17-52
76                android:value="" />
76-->src\main\AndroidManifest.xml:29:17-33
77        </activity>
78        <activity
78-->src\main\AndroidManifest.xml:70:9-77:20
79            android:name="org.tensorflow.lite.examples.objectdetection.Home"
79-->src\main\AndroidManifest.xml:71:13-33
80            android:exported="false"
80-->src\main\AndroidManifest.xml:72:13-37
81            android:theme="@style/AppTheme" >
81-->src\main\AndroidManifest.xml:73:13-44
82            <meta-data
82-->src\main\AndroidManifest.xml:27:13-29:36
83                android:name="android.app.lib_name"
83-->src\main\AndroidManifest.xml:28:17-52
84                android:value="" />
84-->src\main\AndroidManifest.xml:29:17-33
85        </activity>
86        <activity
86-->src\main\AndroidManifest.xml:78:9-85:20
87            android:name="org.tensorflow.lite.examples.objectdetection.RestablecerPassword"
87-->src\main\AndroidManifest.xml:79:13-48
88            android:exported="false"
88-->src\main\AndroidManifest.xml:80:13-37
89            android:theme="@style/AppTheme" >
89-->src\main\AndroidManifest.xml:81:13-44
90            <meta-data
90-->src\main\AndroidManifest.xml:27:13-29:36
91                android:name="android.app.lib_name"
91-->src\main\AndroidManifest.xml:28:17-52
92                android:value="" />
92-->src\main\AndroidManifest.xml:29:17-33
93        </activity>
94
95        <uses-library
95-->[androidx.window:window:1.0.0-alpha09] AndroidManifest.xml:25:9-27:40
96            android:name="androidx.window.extensions"
96-->[androidx.window:window:1.0.0-alpha09] AndroidManifest.xml:26:13-54
97            android:required="false" />
97-->[androidx.window:window:1.0.0-alpha09] AndroidManifest.xml:27:13-37
98        <uses-library
98-->[androidx.window:window:1.0.0-alpha09] AndroidManifest.xml:28:9-30:40
99            android:name="androidx.window.sidecar"
99-->[androidx.window:window:1.0.0-alpha09] AndroidManifest.xml:29:13-51
100            android:required="false" />
100-->[androidx.window:window:1.0.0-alpha09] AndroidManifest.xml:30:13-37
101
102        <service
102-->[androidx.camera:camera-camera2:1.1.0-beta03] AndroidManifest.xml:26:9-35:19
103            android:name="androidx.camera.core.impl.MetadataHolderService"
103-->[androidx.camera:camera-camera2:1.1.0-beta03] AndroidManifest.xml:27:13-75
104            android:enabled="false"
104-->[androidx.camera:camera-camera2:1.1.0-beta03] AndroidManifest.xml:28:13-36
105            android:exported="false" >
105-->[androidx.camera:camera-camera2:1.1.0-beta03] AndroidManifest.xml:29:13-37
106            <meta-data
106-->[androidx.camera:camera-camera2:1.1.0-beta03] AndroidManifest.xml:32:13-34:89
107                android:name="androidx.camera.core.impl.MetadataHolderService.DEFAULT_CONFIG_PROVIDER"
107-->[androidx.camera:camera-camera2:1.1.0-beta03] AndroidManifest.xml:33:17-103
108                android:value="androidx.camera.camera2.Camera2Config$DefaultProvider" />
108-->[androidx.camera:camera-camera2:1.1.0-beta03] AndroidManifest.xml:34:17-86
109        </service>
110
111        <provider
111-->[androidx.emoji2:emoji2:1.2.0] AndroidManifest.xml:24:9-32:20
112            android:name="androidx.startup.InitializationProvider"
112-->[androidx.emoji2:emoji2:1.2.0] AndroidManifest.xml:25:13-67
113            android:authorities="org.tensorflow.lite.examples.objectdetection.androidx-startup"
113-->[androidx.emoji2:emoji2:1.2.0] AndroidManifest.xml:26:13-68
114            android:exported="false" >
114-->[androidx.emoji2:emoji2:1.2.0] AndroidManifest.xml:27:13-37
115            <meta-data
115-->[androidx.emoji2:emoji2:1.2.0] AndroidManifest.xml:29:13-31:52
116                android:name="androidx.emoji2.text.EmojiCompatInitializer"
116-->[androidx.emoji2:emoji2:1.2.0] AndroidManifest.xml:30:17-75
117                android:value="androidx.startup" />
117-->[androidx.emoji2:emoji2:1.2.0] AndroidManifest.xml:31:17-49
118            <meta-data
118-->[androidx.lifecycle:lifecycle-process:2.4.1] AndroidManifest.xml:31:13-33:52
119                android:name="androidx.lifecycle.ProcessLifecycleInitializer"
119-->[androidx.lifecycle:lifecycle-process:2.4.1] AndroidManifest.xml:32:17-78
120                android:value="androidx.startup" />
120-->[androidx.lifecycle:lifecycle-process:2.4.1] AndroidManifest.xml:33:17-49
121        </provider>
122    </application>
123
124</manifest>